CRITICAL - 2022-06-08 12:54:36 --> Call to undefined function get()
#0 C:\wamp64\www\pw3combanco\system\View\View.php(210): include()
#1 C:\wamp64\www\pw3combanco\system\View\View.php(213): CodeIgniter\View\View->CodeIgniter\View\{closure}()
#2 C:\wamp64\www\pw3combanco\system\Common.php(1089): CodeIgniter\View\View->render('template/header', Array, true)
#3 C:\wamp64\www\pw3combanco\app\Controllers\Home.php(104): view('template/header')
#4 C:\wamp64\www\pw3combanco\system\CodeIgniter.php(825): App\Controllers\Home->login()
#5 C:\wamp64\www\pw3combanco\system\CodeIgniter.php(412): CodeIgniter\CodeIgniter->runController(Object(App\Controllers\Home))
#6 C:\wamp64\www\pw3combanco\system\CodeIgniter.php(320): CodeIgniter\CodeIgniter->handleRequest(NULL, Object(Config\Cache), false)
#7 C:\wamp64\www\pw3combanco\public\index.php(37): CodeIgniter\CodeIgniter->run()
#8 C:\wamp64\www\pw3combanco\system\Commands\Server\rewrite.php(43): require_once('C:\\wamp64\\www\\p...')
#9 {main}
CRITICAL - 2022-06-08 12:55:37 --> Call to undefined function get()
#0 C:\wamp64\www\pw3combanco\system\View\View.php(210): include()
#1 C:\wamp64\www\pw3combanco\system\View\View.php(213): CodeIgniter\View\View->CodeIgniter\View\{closure}()
#2 C:\wamp64\www\pw3combanco\system\Common.php(1089): CodeIgniter\View\View->render('template/header', Array, true)
#3 C:\wamp64\www\pw3combanco\app\Controllers\Home.php(104): view('template/header')
#4 C:\wamp64\www\pw3combanco\system\CodeIgniter.php(825): App\Controllers\Home->login()
#5 C:\wamp64\www\pw3combanco\system\CodeIgniter.php(412): CodeIgniter\CodeIgniter->runController(Object(App\Controllers\Home))
#6 C:\wamp64\www\pw3combanco\system\CodeIgniter.php(320): CodeIgniter\CodeIgniter->handleRequest(NULL, Object(Config\Cache), false)
#7 C:\wamp64\www\pw3combanco\public\index.php(37): CodeIgniter\CodeIgniter->run()
#8 C:\wamp64\www\pw3combanco\system\Commands\Server\rewrite.php(43): require_once('C:\\wamp64\\www\\p...')
#9 {main}
CRITICAL - 2022-06-08 12:55:50 --> Undefined variable: session
#0 C:\wamp64\www\pw3combanco\app\Views\template\header.php(35): CodeIgniter\Debug\Exceptions->errorHandler(8, 'Undefined varia...', 'C:\\wamp64\\www\\p...', 35, Array)
#1 C:\wamp64\www\pw3combanco\system\View\View.php(210): include('C:\\wamp64\\www\\p...')
#2 C:\wamp64\www\pw3combanco\system\View\View.php(213): CodeIgniter\View\View->CodeIgniter\View\{closure}()
#3 C:\wamp64\www\pw3combanco\system\Common.php(1089): CodeIgniter\View\View->render('template/header', Array, true)
#4 C:\wamp64\www\pw3combanco\app\Controllers\Home.php(104): view('template/header')
#5 C:\wamp64\www\pw3combanco\system\CodeIgniter.php(825): App\Controllers\Home->login()
#6 C:\wamp64\www\pw3combanco\system\CodeIgniter.php(412): CodeIgniter\CodeIgniter->runController(Object(App\Controllers\Home))
#7 C:\wamp64\www\pw3combanco\system\CodeIgniter.php(320): CodeIgniter\CodeIgniter->handleRequest(NULL, Object(Config\Cache), false)
#8 C:\wamp64\www\pw3combanco\public\index.php(37): CodeIgniter\CodeIgniter->run()
#9 C:\wamp64\www\pw3combanco\system\Commands\Server\rewrite.php(43): require_once('C:\\wamp64\\www\\p...')
#10 {main}
CRITICAL - 2022-06-08 12:55:51 --> Undefined variable: session
#0 C:\wamp64\www\pw3combanco\app\Views\template\header.php(35): CodeIgniter\Debug\Exceptions->errorHandler(8, 'Undefined varia...', 'C:\\wamp64\\www\\p...', 35, Array)
#1 C:\wamp64\www\pw3combanco\system\View\View.php(210): include('C:\\wamp64\\www\\p...')
#2 C:\wamp64\www\pw3combanco\system\View\View.php(213): CodeIgniter\View\View->CodeIgniter\View\{closure}()
#3 C:\wamp64\www\pw3combanco\system\Common.php(1089): CodeIgniter\View\View->render('template/header', Array, true)
#4 C:\wamp64\www\pw3combanco\app\Controllers\Home.php(104): view('template/header')
#5 C:\wamp64\www\pw3combanco\system\CodeIgniter.php(825): App\Controllers\Home->login()
#6 C:\wamp64\www\pw3combanco\system\CodeIgniter.php(412): CodeIgniter\CodeIgniter->runController(Object(App\Controllers\Home))
#7 C:\wamp64\www\pw3combanco\system\CodeIgniter.php(320): CodeIgniter\CodeIgniter->handleRequest(NULL, Object(Config\Cache), false)
#8 C:\wamp64\www\pw3combanco\public\index.php(37): CodeIgniter\CodeIgniter->run()
#9 C:\wamp64\www\pw3combanco\system\Commands\Server\rewrite.php(43): require_once('C:\\wamp64\\www\\p...')
#10 {main}
CRITICAL - 2022-06-08 12:55:51 --> Undefined variable: session
#0 C:\wamp64\www\pw3combanco\app\Views\template\header.php(35): CodeIgniter\Debug\Exceptions->errorHandler(8, 'Undefined varia...', 'C:\\wamp64\\www\\p...', 35, Array)
#1 C:\wamp64\www\pw3combanco\system\View\View.php(210): include('C:\\wamp64\\www\\p...')
#2 C:\wamp64\www\pw3combanco\system\View\View.php(213): CodeIgniter\View\View->CodeIgniter\View\{closure}()
#3 C:\wamp64\www\pw3combanco\system\Common.php(1089): CodeIgniter\View\View->render('template/header', Array, true)
#4 C:\wamp64\www\pw3combanco\app\Controllers\Home.php(104): view('template/header')
#5 C:\wamp64\www\pw3combanco\system\CodeIgniter.php(825): App\Controllers\Home->login()
#6 C:\wamp64\www\pw3combanco\system\CodeIgniter.php(412): CodeIgniter\CodeIgniter->runController(Object(App\Controllers\Home))
#7 C:\wamp64\www\pw3combanco\system\CodeIgniter.php(320): CodeIgniter\CodeIgniter->handleRequest(NULL, Object(Config\Cache), false)
#8 C:\wamp64\www\pw3combanco\public\index.php(37): CodeIgniter\CodeIgniter->run()
#9 C:\wamp64\www\pw3combanco\system\Commands\Server\rewrite.php(43): require_once('C:\\wamp64\\www\\p...')
#10 {main}
CRITICAL - 2022-06-08 12:55:52 --> Undefined variable: session
#0 C:\wamp64\www\pw3combanco\app\Views\template\header.php(35): CodeIgniter\Debug\Exceptions->errorHandler(8, 'Undefined varia...', 'C:\\wamp64\\www\\p...', 35, Array)
#1 C:\wamp64\www\pw3combanco\system\View\View.php(210): include('C:\\wamp64\\www\\p...')
#2 C:\wamp64\www\pw3combanco\system\View\View.php(213): CodeIgniter\View\View->CodeIgniter\View\{closure}()
#3 C:\wamp64\www\pw3combanco\system\Common.php(1089): CodeIgniter\View\View->render('template/header', Array, true)
#4 C:\wamp64\www\pw3combanco\app\Controllers\Home.php(104): view('template/header')
#5 C:\wamp64\www\pw3combanco\system\CodeIgniter.php(825): App\Controllers\Home->login()
#6 C:\wamp64\www\pw3combanco\system\CodeIgniter.php(412): CodeIgniter\CodeIgniter->runController(Object(App\Controllers\Home))
#7 C:\wamp64\www\pw3combanco\system\CodeIgniter.php(320): CodeIgniter\CodeIgniter->handleRequest(NULL, Object(Config\Cache), false)
#8 C:\wamp64\www\pw3combanco\public\index.php(37): CodeIgniter\CodeIgniter->run()
#9 C:\wamp64\www\pw3combanco\system\Commands\Server\rewrite.php(43): require_once('C:\\wamp64\\www\\p...')
#10 {main}
CRITICAL - 2022-06-08 12:55:52 --> Undefined variable: session
#0 C:\wamp64\www\pw3combanco\app\Views\template\header.php(35): CodeIgniter\Debug\Exceptions->errorHandler(8, 'Undefined varia...', 'C:\\wamp64\\www\\p...', 35, Array)
#1 C:\wamp64\www\pw3combanco\system\View\View.php(210): include('C:\\wamp64\\www\\p...')
#2 C:\wamp64\www\pw3combanco\system\View\View.php(213): CodeIgniter\View\View->CodeIgniter\View\{closure}()
#3 C:\wamp64\www\pw3combanco\system\Common.php(1089): CodeIgniter\View\View->render('template/header', Array, true)
#4 C:\wamp64\www\pw3combanco\app\Controllers\Home.php(104): view('template/header')
#5 C:\wamp64\www\pw3combanco\system\CodeIgniter.php(825): App\Controllers\Home->login()
#6 C:\wamp64\www\pw3combanco\system\CodeIgniter.php(412): CodeIgniter\CodeIgniter->runController(Object(App\Controllers\Home))
#7 C:\wamp64\www\pw3combanco\system\CodeIgniter.php(320): CodeIgniter\CodeIgniter->handleRequest(NULL, Object(Config\Cache), false)
#8 C:\wamp64\www\pw3combanco\public\index.php(37): CodeIgniter\CodeIgniter->run()
#9 C:\wamp64\www\pw3combanco\system\Commands\Server\rewrite.php(43): require_once('C:\\wamp64\\www\\p...')
#10 {main}
CRITICAL - 2022-06-08 12:55:52 --> Undefined variable: session
#0 C:\wamp64\www\pw3combanco\app\Views\template\header.php(35): CodeIgniter\Debug\Exceptions->errorHandler(8, 'Undefined varia...', 'C:\\wamp64\\www\\p...', 35, Array)
#1 C:\wamp64\www\pw3combanco\system\View\View.php(210): include('C:\\wamp64\\www\\p...')
#2 C:\wamp64\www\pw3combanco\system\View\View.php(213): CodeIgniter\View\View->CodeIgniter\View\{closure}()
#3 C:\wamp64\www\pw3combanco\system\Common.php(1089): CodeIgniter\View\View->render('template/header', Array, true)
#4 C:\wamp64\www\pw3combanco\app\Controllers\Home.php(104): view('template/header')
#5 C:\wamp64\www\pw3combanco\system\CodeIgniter.php(825): App\Controllers\Home->login()
#6 C:\wamp64\www\pw3combanco\system\CodeIgniter.php(412): CodeIgniter\CodeIgniter->runController(Object(App\Controllers\Home))
#7 C:\wamp64\www\pw3combanco\system\CodeIgniter.php(320): CodeIgniter\CodeIgniter->handleRequest(NULL, Object(Config\Cache), false)
#8 C:\wamp64\www\pw3combanco\public\index.php(37): CodeIgniter\CodeIgniter->run()
#9 C:\wamp64\www\pw3combanco\system\Commands\Server\rewrite.php(43): require_once('C:\\wamp64\\www\\p...')
#10 {main}
CRITICAL - 2022-06-08 12:55:52 --> Undefined variable: session
#0 C:\wamp64\www\pw3combanco\app\Views\template\header.php(35): CodeIgniter\Debug\Exceptions->errorHandler(8, 'Undefined varia...', 'C:\\wamp64\\www\\p...', 35, Array)
#1 C:\wamp64\www\pw3combanco\system\View\View.php(210): include('C:\\wamp64\\www\\p...')
#2 C:\wamp64\www\pw3combanco\system\View\View.php(213): CodeIgniter\View\View->CodeIgniter\View\{closure}()
#3 C:\wamp64\www\pw3combanco\system\Common.php(1089): CodeIgniter\View\View->render('template/header', Array, true)
#4 C:\wamp64\www\pw3combanco\app\Controllers\Home.php(104): view('template/header')
#5 C:\wamp64\www\pw3combanco\system\CodeIgniter.php(825): App\Controllers\Home->login()
#6 C:\wamp64\www\pw3combanco\system\CodeIgniter.php(412): CodeIgniter\CodeIgniter->runController(Object(App\Controllers\Home))
#7 C:\wamp64\www\pw3combanco\system\CodeIgniter.php(320): CodeIgniter\CodeIgniter->handleRequest(NULL, Object(Config\Cache), false)
#8 C:\wamp64\www\pw3combanco\public\index.php(37): CodeIgniter\CodeIgniter->run()
#9 C:\wamp64\www\pw3combanco\system\Commands\Server\rewrite.php(43): require_once('C:\\wamp64\\www\\p...')
#10 {main}
CRITICAL - 2022-06-08 12:55:52 --> Undefined variable: session
#0 C:\wamp64\www\pw3combanco\app\Views\template\header.php(35): CodeIgniter\Debug\Exceptions->errorHandler(8, 'Undefined varia...', 'C:\\wamp64\\www\\p...', 35, Array)
#1 C:\wamp64\www\pw3combanco\system\View\View.php(210): include('C:\\wamp64\\www\\p...')
#2 C:\wamp64\www\pw3combanco\system\View\View.php(213): CodeIgniter\View\View->CodeIgniter\View\{closure}()
#3 C:\wamp64\www\pw3combanco\system\Common.php(1089): CodeIgniter\View\View->render('template/header', Array, true)
#4 C:\wamp64\www\pw3combanco\app\Controllers\Home.php(104): view('template/header')
#5 C:\wamp64\www\pw3combanco\system\CodeIgniter.php(825): App\Controllers\Home->login()
#6 C:\wamp64\www\pw3combanco\system\CodeIgniter.php(412): CodeIgniter\CodeIgniter->runController(Object(App\Controllers\Home))
#7 C:\wamp64\www\pw3combanco\system\CodeIgniter.php(320): CodeIgniter\CodeIgniter->handleRequest(NULL, Object(Config\Cache), false)
#8 C:\wamp64\www\pw3combanco\public\index.php(37): CodeIgniter\CodeIgniter->run()
#9 C:\wamp64\www\pw3combanco\system\Commands\Server\rewrite.php(43): require_once('C:\\wamp64\\www\\p...')
#10 {main}
